<?xml version="1.0" encoding="UTF-8"?>
<testsuite xmlns:xsi="http://www.w3.org/2001/XMLSchema-instance" xsi:noNamespaceSchemaLocation="https://maven.apache.org/surefire/maven-surefire-plugin/xsd/surefire-test-report.xsd" name="com.zxy.AppTest" time="0.481" tests="1" errors="0" skipped="0" failures="0">
  <properties>
    <property name="sun.desktop" value="windows"/>
    <property name="awt.toolkit" value="sun.awt.windows.WToolkit"/>
    <property name="file.encoding.pkg" value="sun.io"/>
    <property name="java.specification.version" value="1.8"/>
    <property name="sun.cpu.isalist" value="amd64"/>
    <property name="sun.jnu.encoding" value="GBK"/>
    <property name="java.class.path" value="C:\Users\yang.zhou\IdeaProjects\alphatestcenter\jmeter-dubbo-plugs\target\test-classes;C:\Users\yang.zhou\IdeaProjects\alphatestcenter\jmeter-dubbo-plugs\target\classes;C:\Users\yang.zhou\.m2\repository\org\testng\testng\6.14.3\testng-6.14.3.jar;C:\Users\yang.zhou\.m2\repository\com\beust\jcommander\1.72\jcommander-1.72.jar;C:\Users\yang.zhou\.m2\repository\org\apache-extras\beanshell\bsh\2.0b6\bsh-2.0b6.jar;C:\Users\yang.zhou\.m2\repository\org\apache\jmeter\ApacheJMeter_core\4.0\ApacheJMeter_core-4.0.jar;C:\Users\yang.zhou\.m2\repository\org\apache\jmeter\jorphan\4.0\jorphan-4.0.jar;C:\Users\yang.zhou\.m2\repository\org\ow2\asm\asm\6.0\asm-6.0.jar;C:\Users\yang.zhou\.m2\repository\net\minidev\accessors-smart\1.2\accessors-smart-1.2.jar;C:\Users\yang.zhou\.m2\repository\bsf\bsf\2.4.0\bsf-2.4.0.jar;C:\Users\yang.zhou\.m2\repository\org\bouncycastle\bcmail-jdk15on\1.49\bcmail-jdk15on-1.49.jar;C:\Users\yang.zhou\.m2\repository\org\bouncycastle\bcprov-jdk15on\1.49\bcprov-jdk15on-1.49.jar;C:\Users\yang.zhou\.m2\repository\org\bouncycastle\bcpkix-jdk15on\1.49\bcpkix-jdk15on-1.49.jar;C:\Users\yang.zhou\.m2\repository\org\brotli\dec\0.1.2\dec-0.1.2.jar;C:\Users\yang.zhou\.m2\repository\com\github\ben-manes\caffeine\caffeine\2.6.1\caffeine-2.6.1.jar;C:\Users\yang.zhou\.m2\repository\commons-codec\commons-codec\1.11\commons-codec-1.11.jar;C:\Users\yang.zhou\.m2\repository\commons-collections\commons-collections\3.2.2\commons-collections-3.2.2.jar;C:\Users\yang.zhou\.m2\repository\org\apache\commons\commons-dbcp2\2.2.0\commons-dbcp2-2.2.0.jar;C:\Users\yang.zhou\.m2\repository\commons-io\commons-io\2.6\commons-io-2.6.jar;C:\Users\yang.zhou\.m2\repository\org\apache\commons\commons-jexl\2.1.1\commons-jexl-2.1.1.jar;C:\Users\yang.zhou\.m2\repository\org\apache\commons\commons-jexl3\3.1\commons-jexl3-3.1.jar;C:\Users\yang.zhou\.m2\repository\org\apache\commons\commons-lang3\3.7\commons-lang3-3.7.jar;C:\Users\yang.zhou\.m2\repository\org\apache\commons\commons-math3\3.6.1\commons-math3-3.6.1.jar;C:\Users\yang.zhou\.m2\repository\commons-net\commons-net\3.6\commons-net-3.6.jar;C:\Users\yang.zhou\.m2\repository\org\apache\commons\commons-pool2\2.5.0\commons-pool2-2.5.0.jar;C:\Users\yang.zhou\.m2\repository\dnsjava\dnsjava\2.1.8\dnsjava-2.1.8.jar;C:\Users\yang.zhou\.m2\repository\org\codehaus\groovy\groovy-all\2.4.13\groovy-all-2.4.13.jar;C:\Users\yang.zhou\.m2\repository\org\apache\httpcomponents\httpasyncclient\4.1.3\httpasyncclient-4.1.3.jar;C:\Users\yang.zhou\.m2\repository\org\apache\httpcomponents\httpclient\4.5.5\httpclient-4.5.5.jar;C:\Users\yang.zhou\.m2\repository\org\apache\httpcomponents\httpmime\4.5.5\httpmime-4.5.5.jar;C:\Users\yang.zhou\.m2\repository\org\apache\httpcomponents\httpcore\4.4.9\httpcore-4.4.9.jar;C:\Users\yang.zhou\.m2\repository\org\apache\httpcomponents\httpcore-nio\4.4.9\httpcore-nio-4.4.9.jar;C:\Users\yang.zhou\.m2\repository\oro\oro\2.0.8\oro-2.0.8.jar;C:\Users\yang.zhou\.m2\repository\jcharts\jcharts\0.7.5\jcharts-0.7.5.jar;C:\Users\yang.zhou\.m2\repository\org\mozilla\rhino\1.7.7.2\rhino-1.7.7.2.jar;C:\Users\yang.zhou\.m2\repository\junit\junit\4.12\junit-4.12.jar;C:\Users\yang.zhou\.m2\repository\org\hamcrest\hamcrest-core\1.3\hamcrest-core-1.3.jar;C:\Users\yang.zhou\.m2\repository\net\sf\jtidy\jtidy\r938\jtidy-r938.jar;C:\Users\yang.zhou\.m2\repository\org\apache\tika\tika-core\1.17\tika-core-1.17.jar;C:\Users\yang.zhou\.m2\repository\org\apache\tika\tika-parsers\1.17\tika-parsers-1.17.jar;C:\Users\yang.zhou\.m2\repository\org\gagravarr\vorbis-java-tika\0.8\vorbis-java-tika-0.8.jar;C:\Users\yang.zhou\.m2\repository\com\healthmarketscience\jackcess\jackcess\2.1.8\jackcess-2.1.8.jar;C:\Users\yang.zhou\.m2\repository\commons-lang\commons-lang\2.6\commons-lang-2.6.jar;C:\Users\yang.zhou\.m2\repository\com\healthmarketscience\jackcess\jackcess-encrypt\2.1.2\jackcess-encrypt-2.1.2.jar;C:\Users\yang.zhou\.m2\repository\org\tallison\jmatio\1.2\jmatio-1.2.jar;C:\Users\yang.zhou\.m2\repository\org\apache\james\apache-mime4j-core\0.8.1\apache-mime4j-core-0.8.1.jar;C:\Users\yang.zhou\.m2\repository\org\apache\james\apache-mime4j-dom\0.8.1\apache-mime4j-dom-0.8.1.jar;C:\Users\yang.zhou\.m2\repository\org\apache\commons\commons-compress\1.14\commons-compress-1.14.jar;C:\Users\yang.zhou\.m2\repository\org\tukaani\xz\1.6\xz-1.6.jar;C:\Users\yang.zhou\.m2\repository\org\apache\pdfbox\pdfbox\2.0.8\pdfbox-2.0.8.jar;C:\Users\yang.zhou\.m2\repository\org\apache\pdfbox\fontbox\2.0.8\fontbox-2.0.8.jar;C:\Users\yang.zhou\.m2\repository\org\apache\pdfbox\pdfbox-tools\2.0.8\pdfbox-tools-2.0.8.jar;C:\Users\yang.zhou\.m2\repository\org\apache\pdfbox\jempbox\1.8.13\jempbox-1.8.13.jar;C:\Users\yang.zhou\.m2\repository\org\apache\poi\poi\3.17\poi-3.17.jar;C:\Users\yang.zhou\.m2\repository\org\apache\commons\commons-collections4\4.1\commons-collections4-4.1.jar;C:\Users\yang.zhou\.m2\repository\org\apache\poi\poi-scratchpad\3.17\poi-scratchpad-3.17.jar;C:\Users\yang.zhou\.m2\repository\org\apache\poi\poi-ooxml\3.17\poi-ooxml-3.17.jar;C:\Users\yang.zhou\.m2\repository\org\apache\poi\poi-ooxml-schemas\3.17\poi-ooxml-schemas-3.17.jar;C:\Users\yang.zhou\.m2\repository\org\apache\xmlbeans\xmlbeans\2.6.0\xmlbeans-2.6.0.jar;C:\Users\yang.zhou\.m2\repository\com\github\virtuald\curvesapi\1.04\curvesapi-1.04.jar;C:\Users\yang.zhou\.m2\repository\org\ccil\cowan\tagsoup\tagsoup\1.2.1\tagsoup-1.2.1.jar;C:\Users\yang.zhou\.m2\repository\com\googlecode\mp4parser\isoparser\1.1.18\isoparser-1.1.18.jar;C:\Users\yang.zhou\.m2\repository\com\drewnoakes\metadata-extractor\2.10.1\metadata-extractor-2.10.1.jar;C:\Users\yang.zhou\.m2\repository\com\adobe\xmp\xmpcore\5.1.3\xmpcore-5.1.3.jar;C:\Users\yang.zhou\.m2\repository\de\l3s\boilerpipe\boilerpipe\1.1.0\boilerpipe-1.1.0.jar;C:\Users\yang.zhou\.m2\repository\com\rometools\rome\1.5.1\rome-1.5.1.jar;C:\Users\yang.zhou\.m2\repository\com\rometools\rome-utils\1.5.1\rome-utils-1.5.1.jar;C:\Users\yang.zhou\.m2\repository\org\gagravarr\vorbis-java-core\0.8\vorbis-java-core-0.8.jar;C:\Users\yang.zhou\.m2\repository\com\googlecode\juniversalchardet\juniversalchardet\1.0.3\juniversalchardet-1.0.3.jar;C:\Users\yang.zhou\.m2\repository\org\codelibs\jhighlight\1.0.2\jhighlight-1.0.2.jar;C:\Users\yang.zhou\.m2\repository\com\pff\java-libpst\0.8.1\java-libpst-0.8.1.jar;C:\Users\yang.zhou\.m2\repository\com\github\junrar\junrar\0.7\junrar-0.7.jar;C:\Users\yang.zhou\.m2\repository\org\apache\cxf\cxf-rt-rs-client\3.0.16\cxf-rt-rs-client-3.0.16.jar;C:\Users\yang.zhou\.m2\repository\org\apache\cxf\cxf-rt-transports-http\3.0.16\cxf-rt-transports-http-3.0.16.jar;C:\Users\yang.zhou\.m2\repository\org\apache\cxf\cxf-core\3.0.16\cxf-core-3.0.16.jar;C:\Users\yang.zhou\.m2\repository\org\codehaus\woodstox\woodstox-core-asl\4.4.1\woodstox-core-asl-4.4.1.jar;C:\Users\yang.zhou\.m2\repository\org\codehaus\woodstox\stax2-api\3.1.4\stax2-api-3.1.4.jar;C:\Users\yang.zhou\.m2\repository\org\apache\ws\xmlschema\xmlschema-core\2.2.2\xmlschema-core-2.2.2.jar;C:\Users\yang.zhou\.m2\repository\org\apache\cxf\cxf-rt-frontend-jaxrs\3.0.16\cxf-rt-frontend-jaxrs-3.0.16.jar;C:\Users\yang.zhou\.m2\repository\javax\ws\rs\javax.ws.rs-api\2.0.1\javax.ws.rs-api-2.0.1.jar;C:\Users\yang.zhou\.m2\repository\javax\annotation\javax.annotation-api\1.2\javax.annotation-api-1.2.jar;C:\Users\yang.zhou\.m2\repository\org\apache\commons\commons-exec\1.3\commons-exec-1.3.jar;C:\Users\yang.zhou\.m2\repository\org\apache\opennlp\opennlp-tools\1.8.3\opennlp-tools-1.8.3.jar;C:\Users\yang.zhou\.m2\repository\com\googlecode\json-simple\json-simple\1.1.1\json-simple-1.1.1.jar;C:\Users\yang.zhou\.m2\repository\com\tdunning\json\1.8\json-1.8.jar;C:\Users\yang.zhou\.m2\repository\org\slf4j\jul-to-slf4j\1.7.24\jul-to-slf4j-1.7.24.jar;C:\Users\yang.zhou\.m2\repository\edu\ucar\netcdf4\4.5.5\netcdf4-4.5.5.jar;C:\Users\yang.zhou\.m2\repository\net\jcip\jcip-annotations\1.0\jcip-annotations-1.0.jar;C:\Users\yang.zhou\.m2\repository\net\java\dev\jna\jna\4.1.0\jna-4.1.0.jar;C:\Users\yang.zhou\.m2\repository\edu\ucar\grib\4.5.5\grib-4.5.5.jar;C:\Users\yang.zhou\.m2\repository\com\google\protobuf\protobuf-java\2.5.0\protobuf-java-2.5.0.jar;C:\Users\yang.zhou\.m2\repository\org\jdom\jdom2\2.0.4\jdom2-2.0.4.jar;C:\Users\yang.zhou\.m2\repository\org\itadaki\bzip2\0.9.1\bzip2-0.9.1.jar;C:\Users\yang.zhou\.m2\repository\edu\ucar\cdm\4.5.5\cdm-4.5.5.jar;C:\Users\yang.zhou\.m2\repository\edu\ucar\udunits\4.5.5\udunits-4.5.5.jar;C:\Users\yang.zhou\.m2\repository\joda-time\joda-time\2.2\joda-time-2.2.jar;C:\Users\yang.zhou\.m2\repository\org\quartz-scheduler\quartz\2.2.0\quartz-2.2.0.jar;C:\Users\yang.zhou\.m2\repository\c3p0\c3p0\0.9.1.1\c3p0-0.9.1.1.jar;C:\Users\yang.zhou\.m2\repository\net\sf\ehcache\ehcache-core\2.6.2\ehcache-core-2.6.2.jar;C:\Users\yang.zhou\.m2\repository\edu\ucar\httpservices\4.5.5\httpservices-4.5.5.jar;C:\Users\yang.zhou\.m2\repository\org\apache\commons\commons-csv\1.0\commons-csv-1.0.jar;C:\Users\yang.zhou\.m2\repository\org\apache\sis\core\sis-utility\0.6\sis-utility-0.6.jar;C:\Users\yang.zhou\.m2\repository\org\apache\sis\storage\sis-netcdf\0.6\sis-netcdf-0.6.jar;C:\Users\yang.zhou\.m2\repository\org\apache\sis\storage\sis-storage\0.6\sis-storage-0.6.jar;C:\Users\yang.zhou\.m2\repository\org\apache\sis\core\sis-referencing\0.6\sis-referencing-0.6.jar;C:\Users\yang.zhou\.m2\repository\org\apache\sis\core\sis-metadata\0.6\sis-metadata-0.6.jar;C:\Users\yang.zhou\.m2\repository\org\opengis\geoapi\3.0.0\geoapi-3.0.0.jar;C:\Users\yang.zhou\.m2\repository\javax\measure\jsr-275\0.9.3\jsr-275-0.9.3.jar;C:\Users\yang.zhou\.m2\repository\edu\usc\ir\sentiment-analysis-parser\0.1\sentiment-analysis-parser-0.1.jar;C:\Users\yang.zhou\.m2\repository\com\fasterxml\jackson\core\jackson-core\2.9.2\jackson-core-2.9.2.jar;C:\Users\yang.zhou\.m2\repository\com\thoughtworks\xstream\xstream\1.4.10\xstream-1.4.10.jar;C:\Users\yang.zhou\.m2\repository\xmlpull\xmlpull\1.1.3.1\xmlpull-1.1.3.1.jar;C:\Users\yang.zhou\.m2\repository\xpp3\xpp3_min\1.1.4c\xpp3_min-1.1.4c.jar;C:\Users\yang.zhou\.m2\repository\xalan\xalan\2.7.2\xalan-2.7.2.jar;C:\Users\yang.zhou\.m2\repository\xalan\serializer\2.7.2\serializer-2.7.2.jar;C:\Users\yang.zhou\.m2\repository\xerces\xercesImpl\2.11.0\xercesImpl-2.11.0.jar;C:\Users\yang.zhou\.m2\repository\xml-apis\xml-apis\1.4.01\xml-apis-1.4.01.jar;C:\Users\yang.zhou\.m2\repository\org\apache\xmlgraphics\xmlgraphics-commons\2.2\xmlgraphics-commons-2.2.jar;C:\Users\yang.zhou\.m2\repository\javax\mail\mail\1.5.0-b01\mail-1.5.0-b01.jar;C:\Users\yang.zhou\.m2\repository\javax\activation\activation\1.1\activation-1.1.jar;C:\Users\yang.zhou\.m2\repository\org\apache\geronimo\specs\geronimo-jms_1.1_spec\1.1.1\geronimo-jms_1.1_spec-1.1.1.jar;C:\Users\yang.zhou\.m2\repository\com\jayway\jsonpath\json-path\2.4.0\json-path-2.4.0.jar;C:\Users\yang.zhou\.m2\repository\net\minidev\json-smart\2.3\json-smart-2.3.jar;C:\Users\yang.zhou\.m2\repository\org\jsoup\jsoup\1.11.2\jsoup-1.11.2.jar;C:\Users\yang.zhou\.m2\repository\org\jodd\jodd-core\4.1.4\jodd-core-4.1.4.jar;C:\Users\yang.zhou\.m2\repository\org\jodd\jodd-lagarto\4.1.4\jodd-lagarto-4.1.4.jar;C:\Users\yang.zhou\.m2\repository\org\jodd\jodd-log\4.1.4\jodd-log-4.1.4.jar;C:\Users\yang.zhou\.m2\repository\org\jodd\jodd-props\4.1.4\jodd-props-4.1.4.jar;C:\Users\yang.zhou\.m2\repository\org\mongodb\mongo-java-driver\2.11.3\mongo-java-driver-2.11.3.jar;C:\Users\yang.zhou\.m2\repository\com\helger\ph-css\6.0.0\ph-css-6.0.0.jar;C:\Users\yang.zhou\.m2\repository\com\helger\ph-commons\9.0.0\ph-commons-9.0.0.jar;C:\Users\yang.zhou\.m2\repository\com\google\code\findbugs\jsr305\3.0.2\jsr305-3.0.2.jar;C:\Users\yang.zhou\.m2\repository\com\fifesoft\rsyntaxtextarea\2.6.1\rsyntaxtextarea-2.6.1.jar;C:\Users\yang.zhou\.m2\repository\org\slf4j\slf4j-ext\1.7.25\slf4j-ext-1.7.25.jar;C:\Users\yang.zhou\.m2\repository\org\slf4j\jcl-over-slf4j\1.7.25\jcl-over-slf4j-1.7.25.jar;C:\Users\yang.zhou\.m2\repository\org\apache\logging\log4j\log4j-1.2-api\2.10.0\log4j-1.2-api-2.10.0.jar;C:\Users\yang.zhou\.m2\repository\org\freemarker\freemarker\2.3.23\freemarker-2.3.23.jar;C:\Users\yang.zhou\.m2\repository\org\apache\jmeter\ApacheJMeter_java\4.0\ApacheJMeter_java-4.0.jar;C:\Users\yang.zhou\.m2\repository\org\apache\jmeter\ApacheJMeter_components\4.0\ApacheJMeter_components-4.0.jar;C:\Users\yang.zhou\.m2\repository\com\alibaba\dubbo\2.5.3\dubbo-2.5.3.jar;C:\Users\yang.zhou\.m2\repository\org\javassist\javassist\3.15.0-GA\javassist-3.15.0-GA.jar;C:\Users\yang.zhou\.m2\repository\org\jboss\netty\netty\3.2.5.Final\netty-3.2.5.Final.jar;C:\Users\yang.zhou\.m2\repository\org\apache\zookeeper\zookeeper\3.4.9\zookeeper-3.4.9.jar;C:\Users\yang.zhou\.m2\repository\org\slf4j\slf4j-log4j12\1.6.1\slf4j-log4j12-1.6.1.jar;C:\Users\yang.zhou\.m2\repository\log4j\log4j\1.2.16\log4j-1.2.16.jar;C:\Users\yang.zhou\.m2\repository\jline\jline\0.9.94\jline-0.9.94.jar;C:\Users\yang.zhou\.m2\repository\io\netty\netty\3.10.5.Final\netty-3.10.5.Final.jar;C:\Users\yang.zhou\.m2\repository\com\101tec\zkclient\0.10\zkclient-0.10.jar;C:\Users\yang.zhou\.m2\repository\org\apache\curator\curator-framework\2.12.0\curator-framework-2.12.0.jar;C:\Users\yang.zhou\.m2\repository\org\apache\curator\curator-client\2.12.0\curator-client-2.12.0.jar;C:\Users\yang.zhou\.m2\repository\com\google\guava\guava\16.0.1\guava-16.0.1.jar;C:\Users\yang.zhou\.m2\repository\org\slf4j\slf4j-api\1.7.25\slf4j-api-1.7.25.jar;C:\Users\yang.zhou\.m2\repository\org\slf4j\log4j-over-slf4j\1.7.25\log4j-over-slf4j-1.7.25.jar;C:\Users\yang.zhou\.m2\repository\com\google\code\gson\gson\2.8.2\gson-2.8.2.jar;C:\Users\yang.zhou\.m2\repository\org\springframework\spring-aop\4.3.18.RELEASE\spring-aop-4.3.18.RELEASE.jar;C:\Users\yang.zhou\.m2\repository\com\alibaba\fastjson\1.2.49\fastjson-1.2.49.jar;C:\Users\yang.zhou\.m2\repository\org\springframework\spring-beans\4.3.18.RELEASE\spring-beans-4.3.18.RELEASE.jar;C:\Users\yang.zhou\.m2\repository\org\springframework\spring-core\4.3.18.RELEASE\spring-core-4.3.18.RELEASE.jar;C:\Users\yang.zhou\.m2\repository\commons-logging\commons-logging\1.2\commons-logging-1.2.jar;C:\Users\yang.zhou\.m2\repository\org\springframework\spring-context\4.3.18.RELEASE\spring-context-4.3.18.RELEASE.jar;C:\Users\yang.zhou\.m2\repository\org\springframework\spring-context-support\4.3.18.RELEASE\spring-context-support-4.3.18.RELEASE.jar;C:\Users\yang.zhou\.m2\repository\org\springframework\spring-expression\4.3.18.RELEASE\spring-expression-4.3.18.RELEASE.jar;C:\Users\yang.zhou\.m2\repository\org\springframework\spring-test\4.3.18.RELEASE\spring-test-4.3.18.RELEASE.jar;C:\Users\yang.zhou\.m2\repository\com\howbuy\tms\high-order-center-client\1.0.0-SNAPSHOT\high-order-center-client-1.0.0-SNAPSHOT.jar;C:\Users\yang.zhou\.m2\repository\com\howbuy\tms\tms-common-client\1.0.0-SNAPSHOT\tms-common-client-1.0.0-SNAPSHOT.jar;C:\Users\yang.zhou\.m2\repository\com\howbuy\commons\validator\howbuy-commons-validator\1.0.0-SNAPSHOT\howbuy-commons-validator-1.0.0-SNAPSHOT.jar;C:\Users\yang.zhou\.m2\repository\net\sf\oval\oval\1.84\oval-1.84.jar;C:\Users\yang.zhou\.m2\repository\org\apache\logging\log4j\log4j-api\2.10.0\log4j-api-2.10.0.jar;C:\Users\yang.zhou\.m2\repository\org\apache\logging\log4j\log4j-core\2.10.0\log4j-core-2.10.0.jar;C:\Users\yang.zhou\.m2\repository\org\apache\logging\log4j\log4j-slf4j-impl\2.10.0\log4j-slf4j-impl-2.10.0.jar;C:\Users\yang.zhou\.m2\repository\org\apache\maven\surefire\surefire-testng-utils\2.20.1\surefire-testng-utils-2.20.1.jar;C:\Users\yang.zhou\.m2\repository\org\apache\maven\surefire\surefire-grouper\2.20.1\surefire-grouper-2.20.1.jar;"/>
    <property name="java.vm.vendor" value="Oracle Corporation"/>
    <property name="sun.arch.data.model" value="64"/>
    <property name="user.variant" value=""/>
    <property name="java.vendor.url" value="http://java.oracle.com/"/>
    <property name="user.timezone" value=""/>
    <property name="java.vm.specification.version" value="1.8"/>
    <property name="os.name" value="Windows 7"/>
    <property name="user.country" value="CN"/>
    <property name="sun.java.launcher" value="SUN_STANDARD"/>
    <property name="sun.boot.library.path" value="C:\Program Files\Java\jdk1.8.0_171\jre\bin"/>
    <property name="sun.java.command" value="C:\Users\YANG~1.ZHO\AppData\Local\Temp\surefire2420874465355967684\surefirebooter1733477052708222211.jar C:\Users\yang.zhou\AppData\Local\Temp\surefire2420874465355967684 2018-08-13T15-53-19_453-jvmRun1 surefire2742789474308215382tmp surefire_08175592710137989445tmp"/>
    <property name="surefire.test.class.path" value="C:\Users\yang.zhou\IdeaProjects\alphatestcenter\jmeter-dubbo-plugs\target\test-classes;C:\Users\yang.zhou\IdeaProjects\alphatestcenter\jmeter-dubbo-plugs\target\classes;C:\Users\yang.zhou\.m2\repository\org\testng\testng\6.14.3\testng-6.14.3.jar;C:\Users\yang.zhou\.m2\repository\com\beust\jcommander\1.72\jcommander-1.72.jar;C:\Users\yang.zhou\.m2\repository\org\apache-extras\beanshell\bsh\2.0b6\bsh-2.0b6.jar;C:\Users\yang.zhou\.m2\repository\org\apache\jmeter\ApacheJMeter_core\4.0\ApacheJMeter_core-4.0.jar;C:\Users\yang.zhou\.m2\repository\org\apache\jmeter\jorphan\4.0\jorphan-4.0.jar;C:\Users\yang.zhou\.m2\repository\org\ow2\asm\asm\6.0\asm-6.0.jar;C:\Users\yang.zhou\.m2\repository\net\minidev\accessors-smart\1.2\accessors-smart-1.2.jar;C:\Users\yang.zhou\.m2\repository\bsf\bsf\2.4.0\bsf-2.4.0.jar;C:\Users\yang.zhou\.m2\repository\org\bouncycastle\bcmail-jdk15on\1.49\bcmail-jdk15on-1.49.jar;C:\Users\yang.zhou\.m2\repository\org\bouncycastle\bcprov-jdk15on\1.49\bcprov-jdk15on-1.49.jar;C:\Users\yang.zhou\.m2\repository\org\bouncycastle\bcpkix-jdk15on\1.49\bcpkix-jdk15on-1.49.jar;C:\Users\yang.zhou\.m2\repository\org\brotli\dec\0.1.2\dec-0.1.2.jar;C:\Users\yang.zhou\.m2\repository\com\github\ben-manes\caffeine\caffeine\2.6.1\caffeine-2.6.1.jar;C:\Users\yang.zhou\.m2\repository\commons-codec\commons-codec\1.11\commons-codec-1.11.jar;C:\Users\yang.zhou\.m2\repository\commons-collections\commons-collections\3.2.2\commons-collections-3.2.2.jar;C:\Users\yang.zhou\.m2\repository\org\apache\commons\commons-dbcp2\2.2.0\commons-dbcp2-2.2.0.jar;C:\Users\yang.zhou\.m2\repository\commons-io\commons-io\2.6\commons-io-2.6.jar;C:\Users\yang.zhou\.m2\repository\org\apache\commons\commons-jexl\2.1.1\commons-jexl-2.1.1.jar;C:\Users\yang.zhou\.m2\repository\org\apache\commons\commons-jexl3\3.1\commons-jexl3-3.1.jar;C:\Users\yang.zhou\.m2\repository\org\apache\commons\commons-lang3\3.7\commons-lang3-3.7.jar;C:\Users\yang.zhou\.m2\repository\org\apache\commons\commons-math3\3.6.1\commons-math3-3.6.1.jar;C:\Users\yang.zhou\.m2\repository\commons-net\commons-net\3.6\commons-net-3.6.jar;C:\Users\yang.zhou\.m2\repository\org\apache\commons\commons-pool2\2.5.0\commons-pool2-2.5.0.jar;C:\Users\yang.zhou\.m2\repository\dnsjava\dnsjava\2.1.8\dnsjava-2.1.8.jar;C:\Users\yang.zhou\.m2\repository\org\codehaus\groovy\groovy-all\2.4.13\groovy-all-2.4.13.jar;C:\Users\yang.zhou\.m2\repository\org\apache\httpcomponents\httpasyncclient\4.1.3\httpasyncclient-4.1.3.jar;C:\Users\yang.zhou\.m2\repository\org\apache\httpcomponents\httpclient\4.5.5\httpclient-4.5.5.jar;C:\Users\yang.zhou\.m2\repository\org\apache\httpcomponents\httpmime\4.5.5\httpmime-4.5.5.jar;C:\Users\yang.zhou\.m2\repository\org\apache\httpcomponents\httpcore\4.4.9\httpcore-4.4.9.jar;C:\Users\yang.zhou\.m2\repository\org\apache\httpcomponents\httpcore-nio\4.4.9\httpcore-nio-4.4.9.jar;C:\Users\yang.zhou\.m2\repository\oro\oro\2.0.8\oro-2.0.8.jar;C:\Users\yang.zhou\.m2\repository\jcharts\jcharts\0.7.5\jcharts-0.7.5.jar;C:\Users\yang.zhou\.m2\repository\org\mozilla\rhino\1.7.7.2\rhino-1.7.7.2.jar;C:\Users\yang.zhou\.m2\repository\junit\junit\4.12\junit-4.12.jar;C:\Users\yang.zhou\.m2\repository\org\hamcrest\hamcrest-core\1.3\hamcrest-core-1.3.jar;C:\Users\yang.zhou\.m2\repository\net\sf\jtidy\jtidy\r938\jtidy-r938.jar;C:\Users\yang.zhou\.m2\repository\org\apache\tika\tika-core\1.17\tika-core-1.17.jar;C:\Users\yang.zhou\.m2\repository\org\apache\tika\tika-parsers\1.17\tika-parsers-1.17.jar;C:\Users\yang.zhou\.m2\repository\org\gagravarr\vorbis-java-tika\0.8\vorbis-java-tika-0.8.jar;C:\Users\yang.zhou\.m2\repository\com\healthmarketscience\jackcess\jackcess\2.1.8\jackcess-2.1.8.jar;C:\Users\yang.zhou\.m2\repository\commons-lang\commons-lang\2.6\commons-lang-2.6.jar;C:\Users\yang.zhou\.m2\repository\com\healthmarketscience\jackcess\jackcess-encrypt\2.1.2\jackcess-encrypt-2.1.2.jar;C:\Users\yang.zhou\.m2\repository\org\tallison\jmatio\1.2\jmatio-1.2.jar;C:\Users\yang.zhou\.m2\repository\org\apache\james\apache-mime4j-core\0.8.1\apache-mime4j-core-0.8.1.jar;C:\Users\yang.zhou\.m2\repository\org\apache\james\apache-mime4j-dom\0.8.1\apache-mime4j-dom-0.8.1.jar;C:\Users\yang.zhou\.m2\repository\org\apache\commons\commons-compress\1.14\commons-compress-1.14.jar;C:\Users\yang.zhou\.m2\repository\org\tukaani\xz\1.6\xz-1.6.jar;C:\Users\yang.zhou\.m2\repository\org\apache\pdfbox\pdfbox\2.0.8\pdfbox-2.0.8.jar;C:\Users\yang.zhou\.m2\repository\org\apache\pdfbox\fontbox\2.0.8\fontbox-2.0.8.jar;C:\Users\yang.zhou\.m2\repository\org\apache\pdfbox\pdfbox-tools\2.0.8\pdfbox-tools-2.0.8.jar;C:\Users\yang.zhou\.m2\repository\org\apache\pdfbox\jempbox\1.8.13\jempbox-1.8.13.jar;C:\Users\yang.zhou\.m2\repository\org\apache\poi\poi\3.17\poi-3.17.jar;C:\Users\yang.zhou\.m2\repository\org\apache\commons\commons-collections4\4.1\commons-collections4-4.1.jar;C:\Users\yang.zhou\.m2\repository\org\apache\poi\poi-scratchpad\3.17\poi-scratchpad-3.17.jar;C:\Users\yang.zhou\.m2\repository\org\apache\poi\poi-ooxml\3.17\poi-ooxml-3.17.jar;C:\Users\yang.zhou\.m2\repository\org\apache\poi\poi-ooxml-schemas\3.17\poi-ooxml-schemas-3.17.jar;C:\Users\yang.zhou\.m2\repository\org\apache\xmlbeans\xmlbeans\2.6.0\xmlbeans-2.6.0.jar;C:\Users\yang.zhou\.m2\repository\com\github\virtuald\curvesapi\1.04\curvesapi-1.04.jar;C:\Users\yang.zhou\.m2\repository\org\ccil\cowan\tagsoup\tagsoup\1.2.1\tagsoup-1.2.1.jar;C:\Users\yang.zhou\.m2\repository\com\googlecode\mp4parser\isoparser\1.1.18\isoparser-1.1.18.jar;C:\Users\yang.zhou\.m2\repository\com\drewnoakes\metadata-extractor\2.10.1\metadata-extractor-2.10.1.jar;C:\Users\yang.zhou\.m2\repository\com\adobe\xmp\xmpcore\5.1.3\xmpcore-5.1.3.jar;C:\Users\yang.zhou\.m2\repository\de\l3s\boilerpipe\boilerpipe\1.1.0\boilerpipe-1.1.0.jar;C:\Users\yang.zhou\.m2\repository\com\rometools\rome\1.5.1\rome-1.5.1.jar;C:\Users\yang.zhou\.m2\repository\com\rometools\rome-utils\1.5.1\rome-utils-1.5.1.jar;C:\Users\yang.zhou\.m2\repository\org\gagravarr\vorbis-java-core\0.8\vorbis-java-core-0.8.jar;C:\Users\yang.zhou\.m2\repository\com\googlecode\juniversalchardet\juniversalchardet\1.0.3\juniversalchardet-1.0.3.jar;C:\Users\yang.zhou\.m2\repository\org\codelibs\jhighlight\1.0.2\jhighlight-1.0.2.jar;C:\Users\yang.zhou\.m2\repository\com\pff\java-libpst\0.8.1\java-libpst-0.8.1.jar;C:\Users\yang.zhou\.m2\repository\com\github\junrar\junrar\0.7\junrar-0.7.jar;C:\Users\yang.zhou\.m2\repository\org\apache\cxf\cxf-rt-rs-client\3.0.16\cxf-rt-rs-client-3.0.16.jar;C:\Users\yang.zhou\.m2\repository\org\apache\cxf\cxf-rt-transports-http\3.0.16\cxf-rt-transports-http-3.0.16.jar;C:\Users\yang.zhou\.m2\repository\org\apache\cxf\cxf-core\3.0.16\cxf-core-3.0.16.jar;C:\Users\yang.zhou\.m2\repository\org\codehaus\woodstox\woodstox-core-asl\4.4.1\woodstox-core-asl-4.4.1.jar;C:\Users\yang.zhou\.m2\repository\org\codehaus\woodstox\stax2-api\3.1.4\stax2-api-3.1.4.jar;C:\Users\yang.zhou\.m2\repository\org\apache\ws\xmlschema\xmlschema-core\2.2.2\xmlschema-core-2.2.2.jar;C:\Users\yang.zhou\.m2\repository\org\apache\cxf\cxf-rt-frontend-jaxrs\3.0.16\cxf-rt-frontend-jaxrs-3.0.16.jar;C:\Users\yang.zhou\.m2\repository\javax\ws\rs\javax.ws.rs-api\2.0.1\javax.ws.rs-api-2.0.1.jar;C:\Users\yang.zhou\.m2\repository\javax\annotation\javax.annotation-api\1.2\javax.annotation-api-1.2.jar;C:\Users\yang.zhou\.m2\repository\org\apache\commons\commons-exec\1.3\commons-exec-1.3.jar;C:\Users\yang.zhou\.m2\repository\org\apache\opennlp\opennlp-tools\1.8.3\opennlp-tools-1.8.3.jar;C:\Users\yang.zhou\.m2\repository\com\googlecode\json-simple\json-simple\1.1.1\json-simple-1.1.1.jar;C:\Users\yang.zhou\.m2\repository\com\tdunning\json\1.8\json-1.8.jar;C:\Users\yang.zhou\.m2\repository\org\slf4j\jul-to-slf4j\1.7.24\jul-to-slf4j-1.7.24.jar;C:\Users\yang.zhou\.m2\repository\edu\ucar\netcdf4\4.5.5\netcdf4-4.5.5.jar;C:\Users\yang.zhou\.m2\repository\net\jcip\jcip-annotations\1.0\jcip-annotations-1.0.jar;C:\Users\yang.zhou\.m2\repository\net\java\dev\jna\jna\4.1.0\jna-4.1.0.jar;C:\Users\yang.zhou\.m2\repository\edu\ucar\grib\4.5.5\grib-4.5.5.jar;C:\Users\yang.zhou\.m2\repository\com\google\protobuf\protobuf-java\2.5.0\protobuf-java-2.5.0.jar;C:\Users\yang.zhou\.m2\repository\org\jdom\jdom2\2.0.4\jdom2-2.0.4.jar;C:\Users\yang.zhou\.m2\repository\org\itadaki\bzip2\0.9.1\bzip2-0.9.1.jar;C:\Users\yang.zhou\.m2\repository\edu\ucar\cdm\4.5.5\cdm-4.5.5.jar;C:\Users\yang.zhou\.m2\repository\edu\ucar\udunits\4.5.5\udunits-4.5.5.jar;C:\Users\yang.zhou\.m2\repository\joda-time\joda-time\2.2\joda-time-2.2.jar;C:\Users\yang.zhou\.m2\repository\org\quartz-scheduler\quartz\2.2.0\quartz-2.2.0.jar;C:\Users\yang.zhou\.m2\repository\c3p0\c3p0\0.9.1.1\c3p0-0.9.1.1.jar;C:\Users\yang.zhou\.m2\repository\net\sf\ehcache\ehcache-core\2.6.2\ehcache-core-2.6.2.jar;C:\Users\yang.zhou\.m2\repository\edu\ucar\httpservices\4.5.5\httpservices-4.5.5.jar;C:\Users\yang.zhou\.m2\repository\org\apache\commons\commons-csv\1.0\commons-csv-1.0.jar;C:\Users\yang.zhou\.m2\repository\org\apache\sis\core\sis-utility\0.6\sis-utility-0.6.jar;C:\Users\yang.zhou\.m2\repository\org\apache\sis\storage\sis-netcdf\0.6\sis-netcdf-0.6.jar;C:\Users\yang.zhou\.m2\repository\org\apache\sis\storage\sis-storage\0.6\sis-storage-0.6.jar;C:\Users\yang.zhou\.m2\repository\org\apache\sis\core\sis-referencing\0.6\sis-referencing-0.6.jar;C:\Users\yang.zhou\.m2\repository\org\apache\sis\core\sis-metadata\0.6\sis-metadata-0.6.jar;C:\Users\yang.zhou\.m2\repository\org\opengis\geoapi\3.0.0\geoapi-3.0.0.jar;C:\Users\yang.zhou\.m2\repository\javax\measure\jsr-275\0.9.3\jsr-275-0.9.3.jar;C:\Users\yang.zhou\.m2\repository\edu\usc\ir\sentiment-analysis-parser\0.1\sentiment-analysis-parser-0.1.jar;C:\Users\yang.zhou\.m2\repository\com\fasterxml\jackson\core\jackson-core\2.9.2\jackson-core-2.9.2.jar;C:\Users\yang.zhou\.m2\repository\com\thoughtworks\xstream\xstream\1.4.10\xstream-1.4.10.jar;C:\Users\yang.zhou\.m2\repository\xmlpull\xmlpull\1.1.3.1\xmlpull-1.1.3.1.jar;C:\Users\yang.zhou\.m2\repository\xpp3\xpp3_min\1.1.4c\xpp3_min-1.1.4c.jar;C:\Users\yang.zhou\.m2\repository\xalan\xalan\2.7.2\xalan-2.7.2.jar;C:\Users\yang.zhou\.m2\repository\xalan\serializer\2.7.2\serializer-2.7.2.jar;C:\Users\yang.zhou\.m2\repository\xerces\xercesImpl\2.11.0\xercesImpl-2.11.0.jar;C:\Users\yang.zhou\.m2\repository\xml-apis\xml-apis\1.4.01\xml-apis-1.4.01.jar;C:\Users\yang.zhou\.m2\repository\org\apache\xmlgraphics\xmlgraphics-commons\2.2\xmlgraphics-commons-2.2.jar;C:\Users\yang.zhou\.m2\repository\javax\mail\mail\1.5.0-b01\mail-1.5.0-b01.jar;C:\Users\yang.zhou\.m2\repository\javax\activation\activation\1.1\activation-1.1.jar;C:\Users\yang.zhou\.m2\repository\org\apache\geronimo\specs\geronimo-jms_1.1_spec\1.1.1\geronimo-jms_1.1_spec-1.1.1.jar;C:\Users\yang.zhou\.m2\repository\com\jayway\jsonpath\json-path\2.4.0\json-path-2.4.0.jar;C:\Users\yang.zhou\.m2\repository\net\minidev\json-smart\2.3\json-smart-2.3.jar;C:\Users\yang.zhou\.m2\repository\org\jsoup\jsoup\1.11.2\jsoup-1.11.2.jar;C:\Users\yang.zhou\.m2\repository\org\jodd\jodd-core\4.1.4\jodd-core-4.1.4.jar;C:\Users\yang.zhou\.m2\repository\org\jodd\jodd-lagarto\4.1.4\jodd-lagarto-4.1.4.jar;C:\Users\yang.zhou\.m2\repository\org\jodd\jodd-log\4.1.4\jodd-log-4.1.4.jar;C:\Users\yang.zhou\.m2\repository\org\jodd\jodd-props\4.1.4\jodd-props-4.1.4.jar;C:\Users\yang.zhou\.m2\repository\org\mongodb\mongo-java-driver\2.11.3\mongo-java-driver-2.11.3.jar;C:\Users\yang.zhou\.m2\repository\com\helger\ph-css\6.0.0\ph-css-6.0.0.jar;C:\Users\yang.zhou\.m2\repository\com\helger\ph-commons\9.0.0\ph-commons-9.0.0.jar;C:\Users\yang.zhou\.m2\repository\com\google\code\findbugs\jsr305\3.0.2\jsr305-3.0.2.jar;C:\Users\yang.zhou\.m2\repository\com\fifesoft\rsyntaxtextarea\2.6.1\rsyntaxtextarea-2.6.1.jar;C:\Users\yang.zhou\.m2\repository\org\slf4j\slf4j-ext\1.7.25\slf4j-ext-1.7.25.jar;C:\Users\yang.zhou\.m2\repository\org\slf4j\jcl-over-slf4j\1.7.25\jcl-over-slf4j-1.7.25.jar;C:\Users\yang.zhou\.m2\repository\org\apache\logging\log4j\log4j-1.2-api\2.10.0\log4j-1.2-api-2.10.0.jar;C:\Users\yang.zhou\.m2\repository\org\freemarker\freemarker\2.3.23\freemarker-2.3.23.jar;C:\Users\yang.zhou\.m2\repository\org\apache\jmeter\ApacheJMeter_java\4.0\ApacheJMeter_java-4.0.jar;C:\Users\yang.zhou\.m2\repository\org\apache\jmeter\ApacheJMeter_components\4.0\ApacheJMeter_components-4.0.jar;C:\Users\yang.zhou\.m2\repository\com\alibaba\dubbo\2.5.3\dubbo-2.5.3.jar;C:\Users\yang.zhou\.m2\repository\org\javassist\javassist\3.15.0-GA\javassist-3.15.0-GA.jar;C:\Users\yang.zhou\.m2\repository\org\jboss\netty\netty\3.2.5.Final\netty-3.2.5.Final.jar;C:\Users\yang.zhou\.m2\repository\org\apache\zookeeper\zookeeper\3.4.9\zookeeper-3.4.9.jar;C:\Users\yang.zhou\.m2\repository\org\slf4j\slf4j-log4j12\1.6.1\slf4j-log4j12-1.6.1.jar;C:\Users\yang.zhou\.m2\repository\log4j\log4j\1.2.16\log4j-1.2.16.jar;C:\Users\yang.zhou\.m2\repository\jline\jline\0.9.94\jline-0.9.94.jar;C:\Users\yang.zhou\.m2\repository\io\netty\netty\3.10.5.Final\netty-3.10.5.Final.jar;C:\Users\yang.zhou\.m2\repository\com\101tec\zkclient\0.10\zkclient-0.10.jar;C:\Users\yang.zhou\.m2\repository\org\apache\curator\curator-framework\2.12.0\curator-framework-2.12.0.jar;C:\Users\yang.zhou\.m2\repository\org\apache\curator\curator-client\2.12.0\curator-client-2.12.0.jar;C:\Users\yang.zhou\.m2\repository\com\google\guava\guava\16.0.1\guava-16.0.1.jar;C:\Users\yang.zhou\.m2\repository\org\slf4j\slf4j-api\1.7.25\slf4j-api-1.7.25.jar;C:\Users\yang.zhou\.m2\repository\org\slf4j\log4j-over-slf4j\1.7.25\log4j-over-slf4j-1.7.25.jar;C:\Users\yang.zhou\.m2\repository\com\google\code\gson\gson\2.8.2\gson-2.8.2.jar;C:\Users\yang.zhou\.m2\repository\org\springframework\spring-aop\4.3.18.RELEASE\spring-aop-4.3.18.RELEASE.jar;C:\Users\yang.zhou\.m2\repository\com\alibaba\fastjson\1.2.49\fastjson-1.2.49.jar;C:\Users\yang.zhou\.m2\repository\org\springframework\spring-beans\4.3.18.RELEASE\spring-beans-4.3.18.RELEASE.jar;C:\Users\yang.zhou\.m2\repository\org\springframework\spring-core\4.3.18.RELEASE\spring-core-4.3.18.RELEASE.jar;C:\Users\yang.zhou\.m2\repository\commons-logging\commons-logging\1.2\commons-logging-1.2.jar;C:\Users\yang.zhou\.m2\repository\org\springframework\spring-context\4.3.18.RELEASE\spring-context-4.3.18.RELEASE.jar;C:\Users\yang.zhou\.m2\repository\org\springframework\spring-context-support\4.3.18.RELEASE\spring-context-support-4.3.18.RELEASE.jar;C:\Users\yang.zhou\.m2\repository\org\springframework\spring-expression\4.3.18.RELEASE\spring-expression-4.3.18.RELEASE.jar;C:\Users\yang.zhou\.m2\repository\org\springframework\spring-test\4.3.18.RELEASE\spring-test-4.3.18.RELEASE.jar;C:\Users\yang.zhou\.m2\repository\com\howbuy\tms\high-order-center-client\1.0.0-SNAPSHOT\high-order-center-client-1.0.0-SNAPSHOT.jar;C:\Users\yang.zhou\.m2\repository\com\howbuy\tms\tms-common-client\1.0.0-SNAPSHOT\tms-common-client-1.0.0-SNAPSHOT.jar;C:\Users\yang.zhou\.m2\repository\com\howbuy\commons\validator\howbuy-commons-validator\1.0.0-SNAPSHOT\howbuy-commons-validator-1.0.0-SNAPSHOT.jar;C:\Users\yang.zhou\.m2\repository\net\sf\oval\oval\1.84\oval-1.84.jar;C:\Users\yang.zhou\.m2\repository\org\apache\logging\log4j\log4j-api\2.10.0\log4j-api-2.10.0.jar;C:\Users\yang.zhou\.m2\repository\org\apache\logging\log4j\log4j-core\2.10.0\log4j-core-2.10.0.jar;C:\Users\yang.zhou\.m2\repository\org\apache\logging\log4j\log4j-slf4j-impl\2.10.0\log4j-slf4j-impl-2.10.0.jar;C:\Users\yang.zhou\.m2\repository\org\apache\maven\surefire\surefire-testng-utils\2.20.1\surefire-testng-utils-2.20.1.jar;C:\Users\yang.zhou\.m2\repository\org\apache\maven\surefire\surefire-grouper\2.20.1\surefire-grouper-2.20.1.jar;"/>
    <property name="sun.cpu.endian" value="little"/>
    <property name="user.home" value="C:\Users\yang.zhou"/>
    <property name="user.language" value="zh"/>
    <property name="java.specification.vendor" value="Oracle Corporation"/>
    <property name="java.home" value="C:\Program Files\Java\jdk1.8.0_171\jre"/>
    <property name="basedir" value="C:\Users\yang.zhou\IdeaProjects\alphatestcenter\jmeter-dubbo-plugs"/>
    <property name="file.separator" value="\"/>
    <property name="line.separator" value="&#10;"/>
    <property name="java.vm.specification.vendor" value="Oracle Corporation"/>
    <property name="java.specification.name" value="Java Platform API Specification"/>
    <property name="java.awt.graphicsenv" value="sun.awt.Win32GraphicsEnvironment"/>
    <property name="surefire.real.class.path" value="C:\Users\YANG~1.ZHO\AppData\Local\Temp\surefire2420874465355967684\surefirebooter1733477052708222211.jar"/>
    <property name="sun.boot.class.path" value="C:\Program Files\Java\jdk1.8.0_171\jre\lib\resources.jar;C:\Program Files\Java\jdk1.8.0_171\jre\lib\rt.jar;C:\Program Files\Java\jdk1.8.0_171\jre\lib\sunrsasign.jar;C:\Program Files\Java\jdk1.8.0_171\jre\lib\jsse.jar;C:\Program Files\Java\jdk1.8.0_171\jre\lib\jce.jar;C:\Program Files\Java\jdk1.8.0_171\jre\lib\charsets.jar;C:\Program Files\Java\jdk1.8.0_171\jre\lib\jfr.jar;C:\Program Files\Java\jdk1.8.0_171\jre\classes"/>
    <property name="user.script" value=""/>
    <property name="sun.management.compiler" value="HotSpot 64-Bit Tiered Compilers"/>
    <property name="java.runtime.version" value="1.8.0_171-b11"/>
    <property name="user.name" value="yang.zhou"/>
    <property name="path.separator" value=";"/>
    <property name="os.version" value="6.1"/>
    <property name="java.endorsed.dirs" value="C:\Program Files\Java\jdk1.8.0_171\jre\lib\endorsed"/>
    <property name="java.runtime.name" value="Java(TM) SE Runtime Environment"/>
    <property name="file.encoding" value="GBK"/>
    <property name="java.vm.name" value="Java HotSpot(TM) 64-Bit Server VM"/>
    <property name="localRepository" value="C:\Users\yang.zhou\.m2\repository"/>
    <property name="java.vendor.url.bug" value="http://bugreport.sun.com/bugreport/"/>
    <property name="java.io.tmpdir" value="C:\Users\YANG~1.ZHO\AppData\Local\Temp\"/>
    <property name="idea.version" value="2018.2.1"/>
    <property name="java.version" value="1.8.0_171"/>
    <property name="user.dir" value="C:\Users\yang.zhou\IdeaProjects\alphatestcenter\jmeter-dubbo-plugs"/>
    <property name="os.arch" value="amd64"/>
    <property name="java.vm.specification.name" value="Java Virtual Machine Specification"/>
    <property name="java.awt.printerjob" value="sun.awt.windows.WPrinterJob"/>
    <property name="sun.os.patch.level" value="Service Pack 1"/>
    <property name="java.library.path" value="C:\Program Files\Java\jdk1.8.0_171\jre\bin;C:\windows\Sun\Java\bin;C:\windows\system32;C:\windows;D:\app\oracle\instantclient_11_2;C:\Program Files (x86)\Common Files\Oracle\Java\javapath;C:\Python\Python36\Scripts\;C:\Python\Python36\;C:\windows\system32;C:\windows;C:\windows\System32\Wbem;C:\windows\System32\WindowsPowerShell\v1.0\;C:\Program Files\Java\jdk1.7.0_80\bin;C:\Program Files\Java\jdk1.7.0_80\jre\bin;C:\Python\Python36;C:\Python\Python36\Scripts;C:\Program Files\Git\cmd;C:\Program Files\Git\mingw64\bin;C:\Program Files\Git\usr\bin;D:\app\instantclient_12_2;C:\Program Files\TortoiseSVN\bin;C:\Program Files\Process Lasso\;C:\Program Files\JetBrains\IntelliJ IDEA 2018.1.4\plugins\maven\lib\maven3\bin;C:\Users\yang.zhou\AppData\Local\Programs\Fiddler;."/>
    <property name="java.vm.info" value="mixed mode"/>
    <property name="java.vendor" value="Oracle Corporation"/>
    <property name="java.vm.version" value="25.171-b11"/>
    <property name="java.ext.dirs" value="C:\Program Files\Java\jdk1.8.0_171\jre\lib\ext;C:\windows\Sun\Java\lib\ext"/>
    <property name="sun.io.unicode.encoding" value="UnicodeLittle"/>
    <property name="java.class.version" value="52.0"/>
  </properties>
  <testcase name="shouldAnswerWithTrue on shouldAnswerWithTrue(com.zxy.AppTest)" classname="com.zxy.AppTest" time="0.001"/>
</testsuite>