<?xml version="1.0" encoding="UTF-8"?>
<!-- Generated by org.testng.reporters.JUnitReportReporter -->
<testsuite skipped="0" hostname="LT-600" name="com.zxy.AppTest" tests="1" failures="0" timestamp="13 八月 2018 07:53:20 GMT" time="0.017" errors="0">
  <testcase name="shouldAnswerWithTrue" time="0.017" classname="com.zxy.AppTest"/>
</testsuite> <!-- com.zxy.AppTest -->
